<?xml version="1.0" encoding="UTF-8"?>
<!-- Generated by org.testng.reporters.JUnitXMLReporter -->
<testsuite ignored="0" hostname="DESKTOP-96AVIRC" failures="4" tests="7" name="Framework Test" time="116.059" errors="0" timestamp="2023-11-29T16:55:10 IST">
  <testcase classname="com.HybridFrameworkStructure.TestCases.TC_LoginTest_001" name="loginTest" time="6.372">
    <failure type="junit.framework.AssertionFailedError">
      <![CDATA[junit.framework.AssertionFailedError
at junit.framework.Assert.fail(Assert.java:47)
at junit.framework.Assert.assertTrue(Assert.java:20)
at junit.framework.Assert.assertTrue(Assert.java:27)
at com.HybridFrameworkStructure.TestCases.TC_LoginTest_001.loginTest(TC_LoginTest_001.java:35)
at java.base/java.util.ArrayList.forEach(ArrayList.java:1511)
... Removed 27 stack frames]]>
    </failure>
  </testcase> <!-- loginTest -->
  <testcase classname="com.HybridFrameworkStructure.TestCases.TC_LoginExcelDDT_002" name="LoginDDT" time="13.311"/>
  <testcase classname="com.HybridFrameworkStructure.TestCases.TC_LoginExcelDDT_002" name="LoginDDT" time="7.982">
    <failure type="junit.framework.AssertionFailedError">
      <![CDATA[junit.framework.AssertionFailedError
at junit.framework.Assert.fail(Assert.java:47)
at junit.framework.Assert.assertTrue(Assert.java:20)
at junit.framework.Assert.assertTrue(Assert.java:27)
at com.HybridFrameworkStructure.TestCases.TC_LoginExcelDDT_002.LoginDDT(TC_LoginExcelDDT_002.java:35)
at java.base/java.util.ArrayList.forEach(ArrayList.java:1511)
... Removed 27 stack frames]]>
    </failure>
  </testcase> <!-- LoginDDT -->
  <testcase classname="com.HybridFrameworkStructure.TestCases.TC_LoginExcelDDT_002" name="LoginDDT" time="11.886"/>
  <testcase classname="com.HybridFrameworkStructure.TestCases.TC_LoginExcelDDT_002" name="LoginDDT" time="8.576">
    <failure type="junit.framework.AssertionFailedError">
      <![CDATA[junit.framework.AssertionFailedError
at junit.framework.Assert.fail(Assert.java:47)
at junit.framework.Assert.assertTrue(Assert.java:20)
at junit.framework.Assert.assertTrue(Assert.java:27)
at com.HybridFrameworkStructure.TestCases.TC_LoginExcelDDT_002.LoginDDT(TC_LoginExcelDDT_002.java:35)
at java.base/java.util.ArrayList.forEach(ArrayList.java:1511)
... Removed 27 stack frames]]>
    </failure>
  </testcase> <!-- LoginDDT -->
  <testcase classname="com.HybridFrameworkStructure.TestCases.TC_LoginExcelDDT_002" name="LoginDDT" time="7.742">
    <failure type="junit.framework.AssertionFailedError">
      <![CDATA[junit.framework.AssertionFailedError
at junit.framework.Assert.fail(Assert.java:47)
at junit.framework.Assert.assertTrue(Assert.java:20)
at junit.framework.Assert.assertTrue(Assert.java:27)
at com.HybridFrameworkStructure.TestCases.TC_LoginExcelDDT_002.LoginDDT(TC_LoginExcelDDT_002.java:35)
at java.base/java.util.ArrayList.forEach(ArrayList.java:1511)
... Removed 27 stack frames]]>
    </failure>
  </testcase> <!-- LoginDDT -->
  <testcase classname="com.HybridFrameworkStructure.TestCases.TC_AddCustomerTest_003" name="AddnewCustomer" time="23.858"/>
</testsuite> <!-- Framework Test -->
